Looking in indexes: https://download.pytorch.org/whl/cpu
Collecting torch
  Using cached https://download.pytorch.org/whl/cpu/torch-2.10.0%2Bcpu-cp312-cp312-manylinux_2_28_x86_64.whl.metadata (29 kB)
Collecting torchvision
  Downloading https://download.pytorch.org/whl/cpu/torchvision-0.25.0%2Bcpu-cp312-cp312-manylinux_2_28_x86_64.whl.metadata (5.4 kB)
Requirement already satisfied: filelock in /home/pauldebanshu19/python/lib64/python3.12/site-packages (from torch) (3.24.3)
Requirement already satisfied: typing-extensions>=4.10.0 in /home/pauldebanshu19/python/lib64/python3.12/site-packages (from torch) (4.15.0)
Requirement already satisfied: setuptools in /home/pauldebanshu19/python/lib64/python3.12/site-packages (from torch) (82.0.0)
Requirement already satisfied: sympy>=1.13.3 in /home/pauldebanshu19/python/lib64/python3.12/site-packages (from torch) (1.14.0)
Requirement already satisfied: networkx>=2.5.1 in /home/pauldebanshu19/python/lib64/python3.12/site-packages (from torch) (3.6.1)
Requirement already satisfied: jinja2 in /home/pauldebanshu19/python/lib64/python3.12/site-packages (from torch) (3.1.6)
Requirement already satisfied: fsspec>=0.8.5 in /home/pauldebanshu19/python/lib64/python3.12/site-packages (from torch) (2026.2.0)
Requirement already satisfied: numpy in /home/pauldebanshu19/python/lib64/python3.12/site-packages (from torchvision) (2.4.2)
Requirement already satisfied: pillow!=8.3.*,>=5.3.0 in /home/pauldebanshu19/python/lib64/python3.12/site-packages (from torchvision) (12.1.1)
Requirement already satisfied: mpmath<1.4,>=1.1.0 in /home/pauldebanshu19/python/lib64/python3.12/site-packages (from sympy>=1.13.3->torch) (1.3.0)
Requirement already satisfied: MarkupSafe>=2.0 in /home/pauldebanshu19/python/lib64/python3.12/site-packages (from jinja2->torch) (3.0.3)
Using cached https://download.pytorch.org/whl/cpu/torch-2.10.0%2Bcpu-cp312-cp312-manylinux_2_28_x86_64.whl (188.9 MB)
Downloading https://download.pytorch.org/whl/cpu/torchvision-0.25.0%2Bcpu-cp312-cp312-manylinux_2_28_x86_64.whl (1.9 MB)
   ━━━━━━━━━━ 1.9/1.9   3.5 MB/s  0:00:00
              MB                         
Installing collected packages: torch, torchvision

Successfully installed torch-2.10.0+cpu torchvision-0.25.0+cpu
